<?xml version="1.0" encoding="UTF-8"?>
<!-- Generated by org.testng.reporters.JUnitXMLReporter -->
<testsuite ignored="0" hostname="LAPTOP-OF3FPRV8" failures="0" tests="4" name="Default test" time="13.499" errors="0" timestamp="2022-08-27T10:39:59 IST">
  <testcase classname="testScripts.RegisterTest" name="registerTestCase" time="2.151"/>
  <testcase classname="testScripts.RegisterTest" name="registerTestCase" time="1.945"/>
  <testcase classname="testScripts.RegisterTest" name="registerTestCase" time="1.984"/>
  <testcase classname="testScripts.RegisterTest" name="registerTestCase" time="1.906"/>
</testsuite> <!-- Default test -->
